<?xml version="1.0" encoding="UTF-8"?>
<beans xmlns="http://www.springframework.org/schema/beans"
xmlns:xsi="http://www.w3.org/2001/XMLSchema-instance"
xmlns:context="http://www.springframework.org/schema/context"
xmlns:mvc="http://www.springframework.org/schema/mvc"
xmlns:webflow-config="http://www.springframework.org/schema/webflowconfig"
xsi:schemaLocation="http://www.springframework.org/schema/beans
http://www.springframework.org/schema/beans/spring-beans.xsd
http://www.springframework.org/schema/context
http://www.springframework.org/schema/context/spring-context-4.0.xsd
http://www.springframework.org/schema/mvc
http://www.springframework.org/schema/mvc/spring-mvc-4.0.xsd
http://www.springframework.org/schema/webflow-config
http://www.springframework.org/schema/webflow-config/spring-webflowconfig-2.3.xsd">
	<context:annotation-config />
	<context:component-scan base-package="com.mybatis" />
	<!-- java bean for mybatis -->
	<bean id="dataSource" class="org.springframework.jdbc.datasource.DriverManagerDataSource">
		<property name="driverClassName" value="com.mysql.jdbc.Driver" />
		<property name="url" value="jdbc:mysql://localhost:8888/e_learning" />
		<property name="username" value="kai" />
		<property name="password" value="kai" />
 	</bean>
 	<bean class="org.mybatis.spring.mapper.MapperScannerConfigurer">
		<property name="basePackage" value="com.mybatis.mappers" />
	</bean>
 	<bean id="sqlSessionFactory" class="org.mybatis.spring.SqlSessionFactoryBean" >
 		<property name="dataSource" ref="dataSource" />
 		<property name="typeAliases" value="com.mybatis.domain.Student,
 		com.mybatis.domain.Tutor" />
 		<property name="typeAliasesPackage" value="com.mybatis.domain" />
 		<property name="mapperLocations" value="classpath*:com/mybatis/mappers/*.xml" />
 		<property name="configLocation" value="mybatis-config.xml" />
 	</bean>
	
	<!-- java bean for mybatis -->
	
</beans>